<?xml version="1.0" encoding="UTF-8"?>
<!-- Generated by org.testng.reporters.JUnitReportReporter -->
<testsuite hostname="LIN30000369" failures="0" tests="1" name="Uniform.Validateeditinformation" time="3.232" errors="0" timestamp="10 Jun 2022 20:29:14 GMT">
  <testcase classname="Uniform.Validateeditinformation" name="editmyinformation" time="3.232"/>
</testsuite> <!-- Uniform.Validateeditinformation -->
