<?xml version="1.0" encoding="UTF-8"?>
<!-- Generated by org.testng.reporters.JUnitReportReporter -->
<testsuite hostname="LIN30000369" failures="0" tests="1" name="Uniform.ValidateForgotpassword" time="5.480" errors="0" timestamp="10 Jun 2022 15:13:14 GMT">
  <testcase classname="Uniform.ValidateForgotpassword" name="initialize" time="5.480"/>
</testsuite> <!-- Uniform.ValidateForgotpassword -->
