<?xml version="1.0" encoding="UTF-8"?>
<!-- Generated by org.testng.reporters.JUnitReportReporter -->
<testsuite hostname="LIN30000369" failures="0" tests="1" name="Uniform.Validateloginpage" time="6.987" errors="0" timestamp="10 Jun 2022 15:13:14 GMT">
  <testcase classname="Uniform.Validateloginpage" name="initialize" time="6.987"/>
</testsuite> <!-- Uniform.Validateloginpage -->
